<?xml version="1.0" encoding="UTF-8"?>
<testsuite xmlns:xsi="http://www.w3.org/2001/XMLSchema-instance" xsi:noNamespaceSchemaLocation="https://maven.apache.org/surefire/maven-surefire-plugin/xsd/surefire-test-report-3.0.xsd" version="3.0" name="Test.TestLogin" time="10.609" tests="4" errors="0" skipped="3" failures="1">
  <properties>
[...]
</properties>
  <testcase name="setUp" classname="Test.TestLogin" time="0.366">
    <failure message="no protocol: http//localhost:4723/wd/hub" type="java.net.MalformedURLException"><![CDATA[java.net.MalformedURLException: no protocol: http//localhost:4723/wd/hub
	at Test.TestLogin.setUp(TestLogin.java:31)
]]></failure>
  </testcase>
  <testcase name="testLogin" classname="Test.TestLogin" time="0">
    <skipped message="no protocol: http//localhost:4723/wd/hub"/>
  </testcase>
  <testcase name="closeUp" classname="Test.TestLogin" time="0">
    <skipped/>
  </testcase>
  <testcase name="close" classname="Test.TestLogin" time="0">
    <skipped/>
  </testcase>
</testsuite>