<?xml version="1.0" encoding="UTF-8"?>
<!-- Generated by org.testng.reporters.JUnitXMLReporter -->
<testsuite hostname="Mac-mini-de-Roberto.local" ignored="0" name="Surefire test" tests="1" failures="0" timestamp="2021-10-20T19:00:16 CDT" time="0.081" errors="0">
  <testcase name="@BeforeClass setUp" time="0.034" classname="Test.TestLogin">
    <failure type="java.net.MalformedURLException" message="no protocol: http//localhost:4723/wd/hub">
      <![CDATA[java.net.MalformedURLException: no protocol: http//localhost:4723/wd/hub
at java.net.URL.<init>(URL.java:610)
at java.net.URL.<init>(URL.java:507)
at java.net.URL.<init>(URL.java:456)
at Test.TestLogin.setUp(TestLogin.java:31)
at java.util.ArrayList.forEach(ArrayList.java:1259)
... Removed 30 stack frames]]>
    </failure>
  </testcase> <!-- @BeforeClass setUp -->
  <testcase name="@AfterClass closeUp" time="-1.634774411002E9" classname="Test.TestLogin">
    <skipped/>
  </testcase> <!-- @AfterClass closeUp -->
  <testcase name="@AfterClass close" time="-1.634774411003E9" classname="core.BaseTest">
    <skipped/>
  </testcase> <!-- @AfterClass close -->
  <testcase name="testLogin" time="0.0" classname="Test.TestLogin">
    <skipped/>
  </testcase> <!-- testLogin -->
</testsuite> <!-- Surefire test -->
